<?xml version="1.0" encoding="UTF-8"?>
<testsuite name="br.com.zup.pix.exclui.ExcluiPixEndPointTest" tests="1" skipped="0" failures="0" errors="0" timestamp="2021-04-09T00:38:00" hostname="ZUP-6433" time="1.003">
  <properties/>
  <testcase name="nao deve excluir se a chave nao existir ou nao pertencer ao cliente()" classname="br.com.zup.pix.exclui.ExcluiPixEndPointTest" time="1.003"/>
  <system-out><![CDATA[?[36m21:37:57.304?[0;39m ?[1;30m[Test worker]?[0;39m ?[34mINFO ?[0;39m ?[35mi.m.context.env.DefaultEnvironment?[0;39m - Established active environments: [test]
?[36m21:37:58.449?[0;39m ?[1;30m[Test worker]?[0;39m ?[34mINFO ?[0;39m ?[35mo.h.validator.internal.util.Version?[0;39m - HV000001: Hibernate Validator 6.1.6.Final
?[36m21:37:58.654?[0;39m ?[1;30m[Test worker]?[0;39m ?[34mINFO ?[0;39m ?[35mcom.zaxxer.hikari.HikariDataSource?[0;39m - HikariPool-1 - Starting...
?[36m21:37:58.833?[0;39m ?[1;30m[Test worker]?[0;39m ?[34mINFO ?[0;39m ?[35mcom.zaxxer.hikari.HikariDataSource?[0;39m - HikariPool-1 - Start completed.
?[36m21:37:58.862?[0;39m ?[1;30m[Test worker]?[0;39m ?[34mINFO ?[0;39m ?[35morg.hibernate.Version?[0;39m - HHH000412: Hibernate ORM core version 5.4.24.Final
?[36m21:37:59.076?[0;39m ?[1;30m[Test worker]?[0;39m ?[34mINFO ?[0;39m ?[35mo.h.annotations.common.Version?[0;39m - HCANN000001: Hibernate Commons Annotations {5.1.2.Final}
?[36m21:37:59.248?[0;39m ?[1;30m[Test worker]?[0;39m ?[34mINFO ?[0;39m ?[35morg.hibernate.dialect.Dialect?[0;39m - HHH000400: Using dialect: org.hibernate.dialect.H2Dialect
Hibernate: 
    
    create table pix (
       id bigint generated by default as identity,
        chave varchar(255) not null,
        cliente_id varchar(255) not null,
        agencia varchar(255),
        cpf varchar(255),
        instituicao varchar(255),
        ispb varchar(255),
        nome varchar(255),
        numero varchar(255),
        criada_em timestamp,
        tipo_de_chave varchar(255) not null,
        tipo_de_conta varchar(255) not null,
        primary key (id)
    )
Hibernate: 
    
    alter table pix 
       drop constraint if exists UK_h23kdqg9p1bqq6igcg7yjqb3d
Hibernate: 
    
    alter table pix 
       add constraint UK_h23kdqg9p1bqq6igcg7yjqb3d unique (chave)
Hibernate: 
    insert 
    into
        pix
        (id, chave, cliente_id, agencia, cpf, instituicao, ispb, nome, numero, criada_em, tipo_de_chave, tipo_de_conta) 
    values
        (null, ?, ?, ?, ?, ?, ?, ?, ?, ?, ?, ?)
Hibernate: 
    select
        pix0_.id as id1_0_,
        pix0_.chave as chave2_0_,
        pix0_.cliente_id as cliente_3_0_,
        pix0_.agencia as agencia4_0_,
        pix0_.cpf as cpf5_0_,
        pix0_.instituicao as institui6_0_,
        pix0_.ispb as ispb7_0_,
        pix0_.nome as nome8_0_,
        pix0_.numero as numero9_0_,
        pix0_.criada_em as criada_10_0_,
        pix0_.tipo_de_chave as tipo_de11_0_,
        pix0_.tipo_de_conta as tipo_de12_0_ 
    from
        pix pix0_ 
    where
        pix0_.id=? 
        and pix0_.cliente_id=?
?[36m21:38:01.504?[0;39m ?[1;30m[io-executor-thread-1]?[0;39m ?[1;31mERROR?[0;39m ?[35mb.c.z.p.e.ExceptionHandlerInterceptor?[0;39m - Handling the exception 'br.com.zup.pix.excecoes.ContaNaoExistenteException' while processing the call: public void br.com.zup.pix.exclui.ExcluiPixEndPoint.exclui(br.com.zup.ExcluiChavePixRequest,io.grpc.stub.StreamObserver)
br.com.zup.pix.excecoes.ContaNaoExistenteException: Chave Pix informada não existe ou não pertence ao cliente informado
	at br.com.zup.pix.exclui.ExcluiPixService.remove(ExcluiPixService.kt:35)
	at br.com.zup.pix.exclui.$ExcluiPixServiceDefinition$Intercepted.$$access$$remove(Unknown Source)
	at br.com.zup.pix.exclui.$ExcluiPixServiceDefinition$$exec1.invokeInternal(Unknown Source)
	at io.micronaut.context.AbstractExecutableMethod.invoke(AbstractExecutableMethod.java:151)
	at io.micronaut.aop.chain.MethodInterceptorChain.proceed(MethodInterceptorChain.java:87)
	at io.micronaut.transaction.interceptor.TransactionalInterceptor.intercept(TransactionalInterceptor.java:134)
	at io.micronaut.aop.chain.MethodInterceptorChain.proceed(MethodInterceptorChain.java:96)
	at io.micronaut.validation.ValidatingInterceptor.validateReturnExecutableValidator(ValidatingInterceptor.java:152)
	at io.micronaut.validation.ValidatingInterceptor.intercept(ValidatingInterceptor.java:100)
	at io.micronaut.aop.chain.MethodInterceptorChain.proceed(MethodInterceptorChain.java:96)
	at br.com.zup.pix.exclui.$ExcluiPixServiceDefinition$Intercepted.remove(Unknown Source)
	at br.com.zup.pix.exclui.ExcluiPixEndPoint.exclui(ExcluiPixEndPoint.kt:21)
	at br.com.zup.pix.exclui.$ExcluiPixEndPointDefinition$Intercepted.$$access$$exclui(Unknown Source)
	at br.com.zup.pix.exclui.$ExcluiPixEndPointDefinition$$exec1.invokeInternal(Unknown Source)
	at io.micronaut.context.AbstractExecutableMethod.invoke(AbstractExecutableMethod.java:151)
	at io.micronaut.aop.chain.MethodInterceptorChain.proceed(MethodInterceptorChain.java:87)
	at br.com.zup.pix.excecoes.ExceptionHandlerInterceptor.intercept(ExceptionHandlerInterceptor.kt:18)
	at io.micronaut.aop.chain.MethodInterceptorChain.proceed(MethodInterceptorChain.java:96)
	at br.com.zup.pix.exclui.$ExcluiPixEndPointDefinition$Intercepted.exclui(Unknown Source)
	at br.com.zup.KeyManagerExcluiGrpcServiceGrpc$MethodHandlers.invoke(KeyManagerExcluiGrpcServiceGrpc.java:217)
	at io.grpc.stub.ServerCalls$UnaryServerCallHandler$UnaryServerCallListener.onHalfClose(ServerCalls.java:182)
	at io.grpc.internal.ServerCallImpl$ServerStreamListenerImpl.halfClosed(ServerCallImpl.java:331)
	at io.grpc.internal.ServerImpl$JumpToApplicationThreadServerStreamListener$1HalfClosed.runInContext(ServerImpl.java:814)
	at io.grpc.internal.ContextRunnable.run(ContextRunnable.java:37)
	at io.grpc.internal.SerializingExecutor.run(SerializingExecutor.java:123)
	at java.base/java.util.concurrent.ThreadPoolExecutor.runWorker(ThreadPoolExecutor.java:1130)
	at java.base/java.util.concurrent.ThreadPoolExecutor$Worker.run(ThreadPoolExecutor.java:630)
	at java.base/java.lang.Thread.run(Thread.java:832)
Hibernate: 
    delete 
    from
        pix
?[36m21:38:01.575?[0;39m ?[1;30m[Test worker]?[0;39m ?[34mINFO ?[0;39m ?[35mcom.zaxxer.hikari.HikariDataSource?[0;39m - HikariPool-1 - Shutdown initiated...
?[36m21:38:01.577?[0;39m ?[1;30m[Test worker]?[0;39m ?[34mINFO ?[0;39m ?[35mcom.zaxxer.hikari.HikariDataSource?[0;39m - HikariPool-1 - Shutdown completed.
]]></system-out>
  <system-err><![CDATA[]]></system-err>
</testsuite>
