<?xml version="1.0" encoding="UTF-8"?>
<testsuite name="br.com.zup.pix.busca.BuscaChavePorIDEndPointTest" tests="1" skipped="0" failures="0" errors="0" timestamp="2021-04-09T13:46:41" hostname="ZUP-6433" time="0.657">
  <properties/>
  <testcase name="deve buscar chave existente atraves de clienteID e pixID()" classname="br.com.zup.pix.busca.BuscaChavePorIDEndPointTest" time="0.657"/>
  <system-out><![CDATA[?[36m10:46:37.905?[0;39m ?[1;30m[Test worker]?[0;39m ?[34mINFO ?[0;39m ?[35mi.m.context.env.DefaultEnvironment?[0;39m - Established active environments: [test]
?[36m10:46:38.959?[0;39m ?[1;30m[Test worker]?[0;39m ?[34mINFO ?[0;39m ?[35mo.h.validator.internal.util.Version?[0;39m - HV000001: Hibernate Validator 6.1.6.Final
?[36m10:46:39.171?[0;39m ?[1;30m[Test worker]?[0;39m ?[34mINFO ?[0;39m ?[35mcom.zaxxer.hikari.HikariDataSource?[0;39m - HikariPool-1 - Starting...
?[36m10:46:39.370?[0;39m ?[1;30m[Test worker]?[0;39m ?[34mINFO ?[0;39m ?[35mcom.zaxxer.hikari.HikariDataSource?[0;39m - HikariPool-1 - Start completed.
?[36m10:46:39.403?[0;39m ?[1;30m[Test worker]?[0;39m ?[34mINFO ?[0;39m ?[35morg.hibernate.Version?[0;39m - HHH000412: Hibernate ORM core version 5.4.24.Final
?[36m10:46:39.642?[0;39m ?[1;30m[Test worker]?[0;39m ?[34mINFO ?[0;39m ?[35mo.h.annotations.common.Version?[0;39m - HCANN000001: Hibernate Commons Annotations {5.1.2.Final}
?[36m10:46:39.841?[0;39m ?[1;30m[Test worker]?[0;39m ?[34mINFO ?[0;39m ?[35morg.hibernate.dialect.Dialect?[0;39m - HHH000400: Using dialect: org.hibernate.dialect.H2Dialect
Hibernate: 
    
    create table pix (
       id bigint generated by default as identity,
        chave varchar(255) not null,
        cliente_id varchar(255) not null,
        agencia varchar(255),
        cpf varchar(255),
        instituicao varchar(255),
        ispb varchar(255),
        nome varchar(255),
        numero varchar(255),
        criada_em timestamp,
        tipo_de_chave varchar(255) not null,
        tipo_de_conta varchar(255) not null,
        primary key (id)
    )
Hibernate: 
    
    alter table pix 
       drop constraint if exists UK_h23kdqg9p1bqq6igcg7yjqb3d
Hibernate: 
    
    alter table pix 
       add constraint UK_h23kdqg9p1bqq6igcg7yjqb3d unique (chave)
Hibernate: 
    insert 
    into
        pix
        (id, chave, cliente_id, agencia, cpf, instituicao, ispb, nome, numero, criada_em, tipo_de_chave, tipo_de_conta) 
    values
        (null, ?, ?, ?, ?, ?, ?, ?, ?, ?, ?, ?)
Hibernate: 
    select
        pix0_.id as id1_0_,
        pix0_.chave as chave2_0_,
        pix0_.cliente_id as cliente_3_0_,
        pix0_.agencia as agencia4_0_,
        pix0_.cpf as cpf5_0_,
        pix0_.instituicao as institui6_0_,
        pix0_.ispb as ispb7_0_,
        pix0_.nome as nome8_0_,
        pix0_.numero as numero9_0_,
        pix0_.criada_em as criada_10_0_,
        pix0_.tipo_de_chave as tipo_de11_0_,
        pix0_.tipo_de_conta as tipo_de12_0_ 
    from
        pix pix0_ 
    where
        pix0_.id=? 
        and pix0_.cliente_id=?
Hibernate: 
    select
        pix0_.id as id1_0_,
        pix0_.chave as chave2_0_,
        pix0_.cliente_id as cliente_3_0_,
        pix0_.agencia as agencia4_0_,
        pix0_.cpf as cpf5_0_,
        pix0_.instituicao as institui6_0_,
        pix0_.ispb as ispb7_0_,
        pix0_.nome as nome8_0_,
        pix0_.numero as numero9_0_,
        pix0_.criada_em as criada_10_0_,
        pix0_.tipo_de_chave as tipo_de11_0_,
        pix0_.tipo_de_conta as tipo_de12_0_ 
    from
        pix pix0_ 
    where
        pix0_.id=? 
        and pix0_.cliente_id=?
?[36m10:46:41.969?[0;39m ?[1;30m[Test worker]?[0;39m ?[34mINFO ?[0;39m ?[35mcom.zaxxer.hikari.HikariDataSource?[0;39m - HikariPool-1 - Shutdown initiated...
?[36m10:46:41.971?[0;39m ?[1;30m[Test worker]?[0;39m ?[34mINFO ?[0;39m ?[35mcom.zaxxer.hikari.HikariDataSource?[0;39m - HikariPool-1 - Shutdown completed.
]]></system-out>
  <system-err><![CDATA[]]></system-err>
</testsuite>
