<?xml version="1.0" encoding="UTF-8"?>
<testsuite name="br.com.zup.pix.cadastra.CadastraPixEndPointTest" tests="1" skipped="0" failures="0" errors="0" timestamp="2021-04-08T14:14:56" hostname="ZUP-6433" time="1.336">
  <properties/>
  <testcase name="deve cadastrar chave pix()" classname="br.com.zup.pix.cadastra.CadastraPixEndPointTest" time="1.336"/>
  <system-out><![CDATA[?[36m11:14:51.930?[0;39m ?[1;30m[Test worker]?[0;39m ?[34mINFO ?[0;39m ?[35mi.m.context.env.DefaultEnvironment?[0;39m - Established active environments: [test]
?[36m11:14:53.323?[0;39m ?[1;30m[Test worker]?[0;39m ?[34mINFO ?[0;39m ?[35mo.h.validator.internal.util.Version?[0;39m - HV000001: Hibernate Validator 6.1.6.Final
?[36m11:14:53.584?[0;39m ?[1;30m[Test worker]?[0;39m ?[34mINFO ?[0;39m ?[35mcom.zaxxer.hikari.HikariDataSource?[0;39m - HikariPool-1 - Starting...
?[36m11:14:53.824?[0;39m ?[1;30m[Test worker]?[0;39m ?[34mINFO ?[0;39m ?[35mcom.zaxxer.hikari.HikariDataSource?[0;39m - HikariPool-1 - Start completed.
?[36m11:14:53.864?[0;39m ?[1;30m[Test worker]?[0;39m ?[34mINFO ?[0;39m ?[35morg.hibernate.Version?[0;39m - HHH000412: Hibernate ORM core version 5.4.24.Final
?[36m11:14:54.151?[0;39m ?[1;30m[Test worker]?[0;39m ?[34mINFO ?[0;39m ?[35mo.h.annotations.common.Version?[0;39m - HCANN000001: Hibernate Commons Annotations {5.1.2.Final}
?[36m11:14:54.393?[0;39m ?[1;30m[Test worker]?[0;39m ?[34mINFO ?[0;39m ?[35morg.hibernate.dialect.Dialect?[0;39m - HHH000400: Using dialect: org.hibernate.dialect.H2Dialect
Hibernate: 
    
    create table pix (
       id bigint generated by default as identity,
        chave varchar(255) not null,
        cliente_id varchar(255) not null,
        agencia varchar(255),
        cpf varchar(255),
        instituicao varchar(255),
        ispb varchar(255),
        nome varchar(255),
        numero varchar(255),
        criada_em timestamp,
        tipo_de_chave varchar(255) not null,
        tipo_de_conta varchar(255) not null,
        primary key (id)
    )
Hibernate: 
    
    alter table pix 
       drop constraint if exists UK_h23kdqg9p1bqq6igcg7yjqb3d
Hibernate: 
    
    alter table pix 
       add constraint UK_h23kdqg9p1bqq6igcg7yjqb3d unique (chave)
NovaChave(clienteId=4a9d94ca-10a2-4aec-bfae-fedb39f2c1d7, tipoDeChave=EMAIL, chave=marcelo@gmail.com, tipoDeConta=CONTA_CORRENTE)
Hibernate: 
    select
        pix0_.id as col_0_0_ 
    from
        pix pix0_ 
    where
        pix0_.chave=?
Hibernate: 
    insert 
    into
        pix
        (id, chave, cliente_id, agencia, cpf, instituicao, ispb, nome, numero, criada_em, tipo_de_chave, tipo_de_conta) 
    values
        (null, ?, ?, ?, ?, ?, ?, ?, ?, ?, ?, ?)
?[36m11:14:57.483?[0;39m ?[1;30m[Test worker]?[0;39m ?[34mINFO ?[0;39m ?[35mcom.zaxxer.hikari.HikariDataSource?[0;39m - HikariPool-1 - Shutdown initiated...
?[36m11:14:57.486?[0;39m ?[1;30m[Test worker]?[0;39m ?[34mINFO ?[0;39m ?[35mcom.zaxxer.hikari.HikariDataSource?[0;39m - HikariPool-1 - Shutdown completed.
]]></system-out>
  <system-err><![CDATA[]]></system-err>
</testsuite>
